#
# There is insufficient memory for the Java Runtime Environment to continue.
# Native memory allocation (mmap) failed to map 201326592 bytes for Failed to commit area from 0x0000000741c00000 to 0x000000074dc00000 of length 201326592.
# Possible reasons:
#   The system is out of physical RAM or swap space
#   The process is running with CompressedOops enabled, and the Java Heap may be blocking the growth of the native heap
# Possible solutions:
#   Reduce memory load on the system
#   Increase physical memory or swap space
#   Check if swap backing store is full
#   Decrease Java heap size (-Xmx/-Xms)
#   Decrease number of Java threads
#   Decrease Java thread stack sizes (-Xss)
#   Set larger code cache with -XX:ReservedCodeCacheSize=
# This output file may be truncated or incomplete.
#
#  Out of Memory Error (./src/hotspot/os/windows/os_windows.cpp:3303), pid=15900, tid=8540
#
# JRE version:  (11.0.7+10) (build )
# Java VM: OpenJDK 64-Bit Server VM (11.0.7+10, mixed mode, sharing, tiered, compressed oops, g1 gc, windows-amd64)
# No core dump will be written. Minidumps are not enabled by default on client versions of Windows
#

---------------  S U M M A R Y ------------

Command Line: -Dfile.encoding=UTF-8 MainWindow

Host: Intel(R) Core(TM) i5-8250U CPU @ 1.60GHz, 8 cores, 11G,  Windows 10 , 64 bit Build 18362 (10.0.18362.778)
Time: Mon Jun  8 03:02:49 2020 FLE Daylight Time elapsed time: 0 seconds (0d 0h 0m 0s)

---------------  T H R E A D  ---------------

Current thread (0x00000233de3bc800):  JavaThread "Unknown thread" [_thread_in_vm, id=8540, stack(0x0000007a39e00000,0x0000007a39f00000)]

Stack: [0x0000007a39e00000,0x0000007a39f00000]
Native frames: (J=compiled Java code, j=interpreted, Vv=VM code, C=native code)
V  [jvm.dll+0x5dec5a]
V  [jvm.dll+0x71671e]
V  [jvm.dll+0x717def]
V  [jvm.dll+0x7184b3]
V  [jvm.dll+0x2409b8]
V  [jvm.dll+0x5dbf1a]
V  [jvm.dll+0x5d0c05]
V  [jvm.dll+0x2f614c]
V  [jvm.dll+0x2f5fd2]
V  [jvm.dll+0x2fac86]
V  [jvm.dll+0x33eb4f]
V  [jvm.dll+0x33e580]
V  [jvm.dll+0x2d3518]
V  [jvm.dll+0x2d4666]
V  [jvm.dll+0x6f2437]
V  [jvm.dll+0x6f3bbf]
V  [jvm.dll+0x34b8d9]
V  [jvm.dll+0x6d5aa0]
V  [jvm.dll+0x3b2c8f]
V  [jvm.dll+0x3b4f41]
C  [jli.dll+0x51fb]
C  [ucrtbase.dll+0x20e82]
C  [KERNEL32.DLL+0x17bd4]
C  [ntdll.dll+0x6ce51]


---------------  P R O C E S S  ---------------

Threads class SMR info:
_java_thread_list=0x00000233dc0a11c0, length=0, elements={
}

Java Threads: ( => current thread )

Other Threads:
  0x00000233de3d3800 GCTaskThread "GC Thread#0" [stack: 0x0000007a39f00000,0x0000007a3a000000] [id=648]
  0x00000233de41c800 ConcurrentGCThread "G1 Main Marker" [stack: 0x0000007a3a000000,0x0000007a3a100000] [id=11012]
  0x00000233de41e800 ConcurrentGCThread "G1 Conc#0" [stack: 0x0000007a3a100000,0x0000007a3a200000] [id=20432]

[error occurred during error reporting (printing all threads), id 0xc0000005, EXCEPTION_ACCESS_VIOLATION (0xc0000005) at pc=0x00007ffbff132b67]

VM state:not at safepoint (not fully initialized)

VM Mutex/Monitor currently owned by a thread:  ([mutex/lock_event])
[0x00000233de3b7c80] Heap_lock - owner thread: 0x00000233de3bc800

Heap address: 0x0000000741c00000, size: 3044 MB, Compressed Oops mode: Non-zero based: 0x0000000741c00000
Narrow klass base: 0x0000000000000000, Narrow klass shift: 0

GC Heap History (0 events):
No events

Deoptimization events (0 events):
No events

Classes redefined (0 events):
No events

Internal exceptions (0 events):
No events

Events (2 events):
Event: 0.008 Loaded shared library C:\Program Files\AdoptOpenJDK\jdk-11.0.7.10-hotspot\bin\zip.dll
Event: 0.009 Loaded shared library C:\Program Files\AdoptOpenJDK\jdk-11.0.7.10-hotspot\bin\jimage.dll


Dynamic libraries:
0x00007ff66d330000 - 0x00007ff66d33d000 	C:\Program Files\AdoptOpenJDK\jdk-11.0.7.10-hotspot\bin\java.exe
0x00007ffc38dc0000 - 0x00007ffc38fb0000 	C:\WINDOWS\SYSTEM32\ntdll.dll
0x00007ffc38cc0000 - 0x00007ffc38d72000 	C:\WINDOWS\System32\KERNEL32.DLL
0x00007ffc36640000 - 0x00007ffc368e4000 	C:\WINDOWS\System32\KERNELBASE.dll
0x00007ffc36a80000 - 0x00007ffc36b7a000 	C:\WINDOWS\System32\ucrtbase.dll
0x00007ffc2d5a0000 - 0x00007ffc2d5b5000 	C:\Program Files\AdoptOpenJDK\jdk-11.0.7.10-hotspot\bin\VCRUNTIME140.dll
0x00007ffc2fae0000 - 0x00007ffc2faf7000 	C:\Program Files\AdoptOpenJDK\jdk-11.0.7.10-hotspot\bin\jli.dll
0x00007ffc37fa0000 - 0x00007ffc38134000 	C:\WINDOWS\System32\USER32.dll
0x00007ffc36920000 - 0x00007ffc36941000 	C:\WINDOWS\System32\win32u.dll
0x00007ffc1e050000 - 0x00007ffc1e2d4000 	C:\WINDOWS\WinSxS\amd64_microsoft.windows.common-controls_6595b64144ccf1df_6.0.18362.836_none_e6c4b943130f18ed\COMCTL32.dll
0x00007ffc38210000 - 0x00007ffc38236000 	C:\WINDOWS\System32\GDI32.dll
0x00007ffc38c20000 - 0x00007ffc38cbe000 	C:\WINDOWS\System32\msvcrt.dll
0x00007ffc36b80000 - 0x00007ffc36d14000 	C:\WINDOWS\System32\gdi32full.dll
0x00007ffc375e0000 - 0x00007ffc37916000 	C:\WINDOWS\System32\combase.dll
0x00007ffc36dd0000 - 0x00007ffc36e6e000 	C:\WINDOWS\System32\msvcp_win.dll
0x00007ffc38900000 - 0x00007ffc38a20000 	C:\WINDOWS\System32\RPCRT4.dll
0x00007ffc369b0000 - 0x00007ffc36a30000 	C:\WINDOWS\System32\bcryptPrimitives.dll
0x00007ffc38310000 - 0x00007ffc3833e000 	C:\WINDOWS\System32\IMM32.DLL
0x00007ffc06a40000 - 0x00007ffc06adb000 	C:\Program Files\AdoptOpenJDK\jdk-11.0.7.10-hotspot\bin\msvcp140.dll
0x00007ffbfee50000 - 0x00007ffbff90c000 	C:\Program Files\AdoptOpenJDK\jdk-11.0.7.10-hotspot\bin\server\jvm.dll
0x00007ffc38850000 - 0x00007ffc388f3000 	C:\WINDOWS\System32\ADVAPI32.dll
0x00007ffc38ae0000 - 0x00007ffc38b77000 	C:\WINDOWS\System32\sechost.dll
0x00007ffc38c10000 - 0x00007ffc38c18000 	C:\WINDOWS\System32\PSAPI.DLL
0x00007ffc30f40000 - 0x00007ffc30f49000 	C:\WINDOWS\SYSTEM32\WSOCK32.dll
0x00007ffc336d0000 - 0x00007ffc336f4000 	C:\WINDOWS\SYSTEM32\WINMM.dll
0x00007ffc2da10000 - 0x00007ffc2da1a000 	C:\WINDOWS\SYSTEM32\VERSION.dll
0x00007ffc37f30000 - 0x00007ffc37f9f000 	C:\WINDOWS\System32\WS2_32.dll
0x00007ffc336a0000 - 0x00007ffc336cd000 	C:\WINDOWS\SYSTEM32\winmmbase.dll
0x00007ffc36a30000 - 0x00007ffc36a7a000 	C:\WINDOWS\System32\cfgmgr32.dll
0x00007ffc35cb0000 - 0x00007ffc35cc1000 	C:\WINDOWS\System32\kernel.appcore.dll
0x00007ffc304b0000 - 0x00007ffc304c0000 	C:\Program Files\AdoptOpenJDK\jdk-11.0.7.10-hotspot\bin\verify.dll
0x00007ffc33b00000 - 0x00007ffc33cf4000 	C:\WINDOWS\SYSTEM32\DBGHELP.DLL
0x00007ffc2c690000 - 0x00007ffc2c6ba000 	C:\WINDOWS\SYSTEM32\dbgcore.DLL
0x00007ffc0f600000 - 0x00007ffc0f628000 	C:\Program Files\AdoptOpenJDK\jdk-11.0.7.10-hotspot\bin\java.dll
0x00007ffc2b2a0000 - 0x00007ffc2b2b6000 	C:\Program Files\AdoptOpenJDK\jdk-11.0.7.10-hotspot\bin\zip.dll
0x00007ffc30470000 - 0x00007ffc3047a000 	C:\Program Files\AdoptOpenJDK\jdk-11.0.7.10-hotspot\bin\jimage.dll

dbghelp: loaded successfully - version: 4.0.5 - missing functions: none
symbol engine: initialized successfully - sym options: 0x614 - pdb path: .;C:\Program Files\AdoptOpenJDK\jdk-11.0.7.10-hotspot\bin;C:\WINDOWS\SYSTEM32;C:\WINDOWS\WinSxS\amd64_microsoft.windows.common-controls_6595b64144ccf1df_6.0.18362.836_none_e6c4b943130f18ed;C:\Program Files\AdoptOpenJDK\jdk-11.0.7.10-hotspot\bin\server

VM Arguments:
jvm_args: -Dfile.encoding=UTF-8 
java_command: MainWindow
java_class_path (initial): C:\Users\alexe\AppData\Roaming\Code\User\workspaceStorage\9d380cdf9ea9ea70ab73b81e3ee27552\redhat.java\jdt_ws\Game_89e3e4c7\bin;D:\alexe\Documents\java\javafx-sdk-11.0.2\lib\javafx.controls.jar;D:\alexe\Documents\java\javafx-sdk-11.0.2\lib\javafx.fxml.jar;D:\alexe\Documents\java\javafx-sdk-11.0.2\lib\javafx.graphics.jar;D:\alexe\Documents\java\javafx-sdk-11.0.2\lib\javafx.base.jar;D:\alexe\Documents\java\javafx-sdk-11.0.2\lib\javafx.media.jar
Launcher Type: SUN_STANDARD

[Global flags]
     intx CICompilerCount                          = 4                                         {product} {ergonomic}
     uint ConcGCThreads                            = 2                                         {product} {ergonomic}
     uint G1ConcRefinementThreads                  = 8                                         {product} {ergonomic}
   size_t G1HeapRegionSize                         = 1048576                                   {product} {ergonomic}
    uintx GCDrainStackTargetSize                   = 64                                        {product} {ergonomic}
   size_t InitialHeapSize                          = 201326592                                 {product} {ergonomic}
   size_t MarkStackSize                            = 4194304                                   {product} {ergonomic}
   size_t MaxHeapSize                              = 3191865344                                {product} {ergonomic}
   size_t MinHeapDeltaBytes                        = 1048576                                   {product} {ergonomic}
    uintx NonNMethodCodeHeapSize                   = 5836300                                {pd product} {ergonomic}
    uintx NonProfiledCodeHeapSize                  = 122910970                              {pd product} {ergonomic}
    uintx ProfiledCodeHeapSize                     = 122910970                              {pd product} {ergonomic}
    uintx ReservedCodeCacheSize                    = 251658240                              {pd product} {ergonomic}
     bool SegmentedCodeCache                       = true                                      {product} {ergonomic}
     bool UseCompressedClassPointers               = true                                 {lp64_product} {ergonomic}
     bool UseCompressedOops                        = true                                 {lp64_product} {ergonomic}
     bool UseG1GC                                  = true                                      {product} {ergonomic}
     bool UseLargePagesIndividualAllocation        = false                                  {pd product} {ergonomic}

Logging:
Log output configuration:
 #0: stdout all=warning uptime,level,tags
 #1: stderr all=off uptime,level,tags

Environment Variables:
JAVA_HOME=C:\Program Files\AdoptOpenJDK\jdk-11.0.7.10-hotspot\
PATH=C:\Program Files\AdoptOpenJDK\jdk-11.0.7.10-hotspot\bin;C:\Windows\system32;C:\Windows;C:\Windows\System32\Wbem;C:\Windows\System32\WindowsPowerShell\v1.0\;C:\WINDOWS\system32;C:\WINDOWS;C:\WINDOWS\System32\Wbem;C:\WINDOWS\System32\WindowsPowerShell\v1.0\;C:\WINDOWS\System32\OpenSSH\;C:\Program Files (x86)\NVIDIA Corporation\PhysX\Common;C:\WINDOWS\system32;C:\WINDOWS;C:\WINDOWS\System32\Wbem;C:\WINDOWS\System32\WindowsPowerShell\v1.0\;C:\WINDOWS\System32\OpenSSH\;C:\Program Files\Intel\WiFi\bin\;C:\Program Files\Common Files\Intel\WirelessCommon\;D:\Go\bin;C:\Program Files\Git\cmd;C:\Users\alexe\AppData\Local\Microsoft\WindowsApps;C:\Users\alexe\AppData\Local\GitHubDesktop\bin;C:\Users\alexe\AppData\Local\atom\bin;C:\Users\alexe\AppData\Local\Microsoft\WindowsApps;C:\Users\alexe\AppData\Local\Programs\Microsoft VS Code\bin;C:\Users\alexe\go\bin;d:\alexe\Documents\java\javafx-sdk-11.0.2\bin\;
USERNAME=alexey
OS=Windows_NT
PROCESSOR_IDENTIFIER=Intel64 Family 6 Model 142 Stepping 10, GenuineIntel



---------------  S Y S T E M  ---------------

OS: Windows 10 , 64 bit Build 18362 (10.0.18362.778)
OS uptime: 3 days 5:35 hours

CPU:total 8 (initial active 8) (4 cores per cpu, 2 threads per core) family 6 model 142 stepping 10, cmov, cx8, fxsr, mmx, sse, sse2, sse3, ssse3, sse4.1, sse4.2, popcnt, avx, avx2, aes, clmul, erms, 3dnowpref, lzcnt, ht, tsc, tscinvbit, bmi1, bmi2, adx, fma

Memory: 4k page, system-wide physical 12174M (4261M free)
TotalPageFile size 12174M (AvailPageFile size 169M)
current process WorkingSet (physical memory assigned to process): 9M, peak: 9M
current process commit charge ("private bytes"): 60M, peak: 252M

vm_info: OpenJDK 64-Bit Server VM (11.0.7+10) for windows-amd64 JRE (11.0.7+10), built on Apr 22 2020 11:46:09 by "" with MS VC++ 15.9 (VS2017)

END.
